<?xml version="1.0" encoding="UTF-8"?>
<robot generator="Robot 7.0 (Python 3.12.3 on win32)" generated="2024-08-25T20:25:58.094551" rpa="false" schemaversion="5">
<suite id="s1" name="Flipkart" source="C:\Users\Admin\Desktop\Automation\robotframework\pythonProject1\RobotFramework\flipkart.robot">
<test id="s1-t1" name="Serch product on flipkart" line="19">
<kw name="Search Product">
<kw name="Open Browser" owner="SeleniumLibrary">
<msg time="2024-08-25T20:25:58.748771" level="INFO">Opening browser 'Chrome' to base url 'https://www.flipkart.com/'.</msg>
<arg>${url}</arg>
<arg>Chrome</arg>
<doc>Opens a new browser instance to the optional ``url``.</doc>
<status status="PASS" start="2024-08-25T20:25:58.748771" elapsed="7.296730"/>
</kw>
<kw name="Log To Console" owner="BuiltIn">
<msg time="2024-08-25T20:26:06.047499" level="FAIL">Variable '${product_valid}' not found.</msg>
<arg>${product_valid}</arg>
<doc>Logs the given message to the console.</doc>
<status status="FAIL" start="2024-08-25T20:26:06.045501" elapsed="0.002998">Variable '${product_valid}' not found.</status>
</kw>
<kw name="Input Text" owner="SeleniumLibrary">
<arg>${serach_box}</arg>
<arg>iphone15</arg>
<doc>Types the given ``text`` into the text field identified by ``locator``.</doc>
<status status="NOT RUN" start="2024-08-25T20:26:06.048499" elapsed="0.000000"/>
</kw>
<kw name="Press Key" owner="SeleniumLibrary">
<arg>${serach_box}</arg>
<arg>ENTER</arg>
<doc>Simulates user pressing key on element identified by ``locator``.</doc>
<status status="NOT RUN" start="2024-08-25T20:26:06.049499" elapsed="0.000998"/>
</kw>
<status status="FAIL" start="2024-08-25T20:25:58.746772" elapsed="7.303725">Variable '${product_valid}' not found.</status>
</kw>
<status status="FAIL" start="2024-08-25T20:25:58.745771" elapsed="7.313722">Variable '${product_valid}' not found.</status>
</test>
<status status="FAIL" start="2024-08-25T20:25:58.097549" elapsed="7.968940"/>
</suite>
<statistics>
<total>
<stat pass="0" fail="1" skip="0">All Tests</stat>
</total>
<tag>
</tag>
<suite>
<stat pass="0" fail="1" skip="0" id="s1" name="Flipkart">Flipkart</stat>
</suite>
</statistics>
<errors>
<msg time="2024-08-25T20:25:58.078560" level="WARN">Error in file 'C:\Users\Admin\Desktop\Automation\robotframework\pythonProject1\RobotFramework\flipkart.robot' on line 1: Singular section headers like '*** Setting ***' are deprecated. Use plural format like '*** Settings ***' instead.</msg>
<msg time="2024-08-25T20:25:58.078560" level="WARN">Error in file 'C:\Users\Admin\Desktop\Automation\robotframework\pythonProject1\RobotFramework\flipkart.robot' on line 7: Singular section headers like '*** Variable ***' are deprecated. Use plural format like '*** Variables ***' instead.</msg>
<msg time="2024-08-25T20:25:58.079559" level="WARN">Error in file 'C:\Users\Admin\Desktop\Automation\robotframework\pythonProject1\RobotFramework\flipkart.robot' on line 12: Singular section headers like '*** Keyword ***' are deprecated. Use plural format like '*** Keywords ***' instead.</msg>
<msg time="2024-08-25T20:25:58.079559" level="WARN">Error in file 'C:\Users\Admin\Desktop\Automation\robotframework\pythonProject1\RobotFramework\flipkart.robot' on line 18: Singular section headers like '*** Test Case ***' are deprecated. Use plural format like '*** Test Cases ***' instead.</msg>
</errors>
</robot>
